<?xml version="1.0" encoding="UTF-8"?>
<coverage generated="1745672889515" clover="3.2.0">
  <project timestamp="1745672889515" name="All files">
    <metrics statements="165" coveredstatements="156" conditionals="14" coveredconditionals="12" methods="30" coveredmethods="24" elements="209" coveredelements="192" complexity="0" loc="165" ncloc="165" packages="1" files="3" classes="3"/>
    <file name="Bike.js" path="C:\Users\INTEL\Desktop\projetos_git\myBike\server\src\model\Bike.js">
      <metrics statements="40" coveredstatements="34" conditionals="4" coveredconditionals="2" methods="9" coveredmethods="6"/>
      <line num="3" count="1" type="stmt"/>
      <line num="6" count="30" type="stmt"/>
      <line num="7" count="30" type="stmt"/>
      <line num="8" count="30" type="stmt"/>
      <line num="9" count="30" type="stmt"/>
      <line num="10" count="30" type="stmt"/>
      <line num="11" count="30" type="stmt"/>
      <line num="12" count="30" type="stmt"/>
      <line num="13" count="30" type="stmt"/>
      <line num="17" count="0" type="cond" truecount="0" falsecount="2"/>
      <line num="18" count="0" type="stmt"/>
      <line num="20" count="0" type="stmt"/>
      <line num="21" count="0" type="stmt"/>
      <line num="27" count="1" type="stmt"/>
      <line num="31" count="1590" type="stmt"/>
      <line num="32" count="53" type="stmt"/>
      <line num="36" count="51" type="cond" truecount="2" falsecount="0"/>
      <line num="37" count="51" type="stmt"/>
      <line num="41" count="0" type="stmt"/>
      <line num="45" count="0" type="stmt"/>
      <line num="50" count="1" type="stmt"/>
      <line num="51" count="1" type="stmt"/>
      <line num="52" count="1" type="stmt"/>
      <line num="56" count="1" type="stmt"/>
      <line num="57" count="1" type="stmt"/>
      <line num="58" count="1" type="stmt"/>
      <line num="59" count="1" type="stmt"/>
      <line num="61" count="1" type="stmt"/>
      <line num="62" count="30" type="stmt"/>
      <line num="63" count="30" type="stmt"/>
      <line num="64" count="30" type="stmt"/>
      <line num="65" count="30" type="stmt"/>
      <line num="66" count="30" type="stmt"/>
      <line num="69" count="30" type="stmt"/>
      <line num="70" count="30" type="stmt"/>
      <line num="71" count="30" type="stmt"/>
      <line num="72" count="30" type="stmt"/>
      <line num="74" count="30" type="stmt"/>
      <line num="77" count="1" type="stmt"/>
      <line num="80" count="1" type="stmt"/>
    </file>
    <file name="Cliente.js" path="C:\Users\INTEL\Desktop\projetos_git\myBike\server\src\model\Cliente.js">
      <metrics statements="37" coveredstatements="34" conditionals="2" coveredconditionals="2" methods="9" coveredmethods="6"/>
      <line num="3" count="1" type="stmt"/>
      <line num="5" count="10" type="stmt"/>
      <line num="6" count="10" type="stmt"/>
      <line num="7" count="10" type="stmt"/>
      <line num="8" count="10" type="stmt"/>
      <line num="9" count="10" type="stmt"/>
      <line num="10" count="10" type="stmt"/>
      <line num="11" count="10" type="stmt"/>
      <line num="12" count="10" type="stmt"/>
      <line num="13" count="10" type="stmt"/>
      <line num="17" count="0" type="stmt"/>
      <line num="21" count="0" type="stmt"/>
      <line num="26" count="0" type="stmt"/>
      <line num="30" count="530" type="stmt"/>
      <line num="31" count="53" type="stmt"/>
      <line num="35" count="1" type="stmt"/>
      <line num="39" count="51" type="stmt"/>
      <line num="40" count="51" type="cond" truecount="2" falsecount="0"/>
      <line num="41" count="51" type="stmt"/>
      <line num="48" count="1" type="stmt"/>
      <line num="49" count="1" type="stmt"/>
      <line num="53" count="1" type="stmt"/>
      <line num="59" count="1" type="stmt"/>
      <line num="60" count="1" type="stmt"/>
      <line num="73" count="1" type="stmt"/>
      <line num="75" count="1" type="stmt"/>
      <line num="76" count="10" type="stmt"/>
      <line num="77" count="10" type="stmt"/>
      <line num="78" count="10" type="stmt"/>
      <line num="79" count="10" type="stmt"/>
      <line num="80" count="10" type="stmt"/>
      <line num="81" count="10" type="stmt"/>
      <line num="82" count="10" type="stmt"/>
      <line num="84" count="10" type="stmt"/>
      <line num="85" count="10" type="stmt"/>
      <line num="88" count="1" type="stmt"/>
      <line num="91" count="1" type="stmt"/>
    </file>
    <file name="Emprestimo.js" path="C:\Users\INTEL\Desktop\projetos_git\myBike\server\src\model\Emprestimo.js">
      <metrics statements="88" coveredstatements="88" conditionals="8" coveredconditionals="8" methods="12" coveredmethods="12"/>
      <line num="1" count="1" type="stmt"/>
      <line num="2" count="1" type="stmt"/>
      <line num="5" count="1" type="stmt"/>
      <line num="6" count="1" type="stmt"/>
      <line num="9" count="50" type="stmt"/>
      <line num="10" count="50" type="stmt"/>
      <line num="11" count="50" type="stmt"/>
      <line num="12" count="50" type="stmt"/>
      <line num="13" count="50" type="stmt"/>
      <line num="15" count="50" type="stmt"/>
      <line num="16" count="50" type="stmt"/>
      <line num="18" count="50" type="stmt"/>
      <line num="19" count="50" type="stmt"/>
      <line num="21" count="50" type="stmt"/>
      <line num="25" count="1" type="stmt"/>
      <line num="29" count="50" type="stmt"/>
      <line num="30" count="1" type="stmt"/>
      <line num="34" count="51" type="stmt"/>
      <line num="35" count="51" type="stmt"/>
      <line num="36" count="51" type="stmt"/>
      <line num="40" count="52" type="stmt"/>
      <line num="41" count="52" type="cond" truecount="2" falsecount="0"/>
      <line num="43" count="51" type="stmt"/>
      <line num="44" count="51" type="cond" truecount="2" falsecount="0"/>
      <line num="48" count="52" type="stmt"/>
      <line num="49" count="52" type="cond" truecount="2" falsecount="0"/>
      <line num="51" count="51" type="stmt"/>
      <line num="52" count="51" type="cond" truecount="2" falsecount="0"/>
      <line num="56" count="50" type="stmt"/>
      <line num="57" count="1" type="stmt"/>
      <line num="61" count="50" type="stmt"/>
      <line num="62" count="1" type="stmt"/>
      <line num="66" count="1" type="stmt"/>
      <line num="67" count="1" type="stmt"/>
      <line num="69" count="1" type="stmt"/>
      <line num="70" count="1" type="stmt"/>
      <line num="71" count="1" type="stmt"/>
      <line num="72" count="1" type="stmt"/>
      <line num="73" count="1" type="stmt"/>
      <line num="74" count="1" type="stmt"/>
      <line num="75" count="1" type="stmt"/>
      <line num="76" count="1" type="stmt"/>
      <line num="77" count="1" type="stmt"/>
      <line num="78" count="1" type="stmt"/>
      <line num="80" count="1" type="stmt"/>
      <line num="81" count="1" type="stmt"/>
      <line num="82" count="1" type="stmt"/>
      <line num="83" count="1" type="stmt"/>
      <line num="84" count="1" type="stmt"/>
      <line num="85" count="1" type="stmt"/>
      <line num="86" count="1" type="stmt"/>
      <line num="87" count="1" type="stmt"/>
      <line num="88" count="1" type="stmt"/>
      <line num="89" count="1" type="stmt"/>
      <line num="91" count="1" type="stmt"/>
      <line num="92" count="1" type="stmt"/>
      <line num="93" count="1" type="stmt"/>
      <line num="94" count="1" type="stmt"/>
      <line num="95" count="1" type="stmt"/>
      <line num="96" count="1" type="stmt"/>
      <line num="97" count="1" type="stmt"/>
      <line num="98" count="1" type="stmt"/>
      <line num="99" count="1" type="stmt"/>
      <line num="100" count="1" type="stmt"/>
      <line num="102" count="1" type="stmt"/>
      <line num="103" count="1" type="stmt"/>
      <line num="104" count="1" type="stmt"/>
      <line num="105" count="1" type="stmt"/>
      <line num="106" count="1" type="stmt"/>
      <line num="107" count="1" type="stmt"/>
      <line num="108" count="1" type="stmt"/>
      <line num="109" count="1" type="stmt"/>
      <line num="110" count="1" type="stmt"/>
      <line num="111" count="1" type="stmt"/>
      <line num="113" count="1" type="stmt"/>
      <line num="114" count="1" type="stmt"/>
      <line num="115" count="1" type="stmt"/>
      <line num="116" count="1" type="stmt"/>
      <line num="117" count="1" type="stmt"/>
      <line num="118" count="1" type="stmt"/>
      <line num="119" count="1" type="stmt"/>
      <line num="120" count="1" type="stmt"/>
      <line num="121" count="1" type="stmt"/>
      <line num="122" count="1" type="stmt"/>
      <line num="130" count="1" type="stmt"/>
      <line num="131" count="1" type="stmt"/>
      <line num="132" count="1" type="stmt"/>
      <line num="136" count="1" type="stmt"/>
    </file>
  </project>
</coverage>
