{"C:\\Users\\INTEL\\Desktop\\projetos_git\\myBike\\server\\src\\model\\Bike.js": {"path":"C:\\Users\\INTEL\\Desktop\\projetos_git\\myBike\\server\\src\\model\\Bike.js","statementMap":{"0":{"start":{"line":3,"column":19},"end":{"line":3,"column":21}},"1":{"start":{"line":6,"column":8},"end":{"line":6,"column":28}},"2":{"start":{"line":7,"column":8},"end":{"line":7,"column":22}},"3":{"start":{"line":8,"column":8},"end":{"line":8,"column":35}},"4":{"start":{"line":9,"column":8},"end":{"line":9,"column":22}},"5":{"start":{"line":10,"column":8},"end":{"line":10,"column":42}},"6":{"start":{"line":11,"column":8},"end":{"line":11,"column":30}},"7":{"start":{"line":12,"column":8},"end":{"line":12,"column":28}},"8":{"start":{"line":13,"column":8},"end":{"line":13,"column":29}},"9":{"start":{"line":17,"column":8},"end":{"line":22,"column":9}},"10":{"start":{"line":18,"column":12},"end":{"line":18,"column":47}},"11":{"start":{"line":20,"column":12},"end":{"line":20,"column":39}},"12":{"start":{"line":21,"column":12},"end":{"line":21,"column":79}},"13":{"start":{"line":27,"column":8},"end":{"line":27,"column":22}},"14":{"start":{"line":31,"column":19},"end":{"line":31,"column":69}},"15":{"start":{"line":31,"column":47},"end":{"line":31,"column":68}},"16":{"start":{"line":32,"column":8},"end":{"line":32,"column":19}},"17":{"start":{"line":36,"column":22},"end":{"line":36,"column":65}},"18":{"start":{"line":37,"column":8},"end":{"line":37,"column":22}},"19":{"start":{"line":41,"column":8},"end":{"line":41,"column":35}},"20":{"start":{"line":45,"column":8},"end":{"line":45,"column":35}},"21":{"start":{"line":50,"column":16},"end":{"line":50,"column":28}},"22":{"start":{"line":51,"column":16},"end":{"line":51,"column":28}},"23":{"start":{"line":52,"column":16},"end":{"line":52,"column":31}},"24":{"start":{"line":56,"column":18},"end":{"line":56,"column":86}},"25":{"start":{"line":57,"column":20},"end":{"line":57,"column":103}},"26":{"start":{"line":58,"column":21},"end":{"line":58,"column":36}},"27":{"start":{"line":59,"column":17},"end":{"line":59,"column":29}},"28":{"start":{"line":61,"column":4},"end":{"line":75,"column":5}},"29":{"start":{"line":61,"column":17},"end":{"line":61,"column":18}},"30":{"start":{"line":62,"column":23},"end":{"line":62,"column":58}},"31":{"start":{"line":63,"column":20},"end":{"line":63,"column":67}},"32":{"start":{"line":64,"column":23},"end":{"line":64,"column":74}},"33":{"start":{"line":65,"column":24},"end":{"line":65,"column":77}},"34":{"start":{"line":66,"column":20},"end":{"line":66,"column":65}},"35":{"start":{"line":69,"column":20},"end":{"line":69,"column":56}},"36":{"start":{"line":70,"column":20},"end":{"line":70,"column":50}},"37":{"start":{"line":71,"column":20},"end":{"line":71,"column":54}},"38":{"start":{"line":72,"column":30},"end":{"line":72,"column":53}},"39":{"start":{"line":74,"column":8},"end":{"line":74,"column":67}},"40":{"start":{"line":77,"column":4},"end":{"line":77,"column":22}},"41":{"start":{"line":80,"column":0},"end":{"line":80,"column":51}}},"fnMap":{"0":{"name":"(anonymous_0)","decl":{"start":{"line":4,"column":4},"end":{"line":4,"column":5}},"loc":{"start":{"line":5,"column":25},"end":{"line":14,"column":5}},"line":5},"1":{"name":"(anonymous_1)","decl":{"start":{"line":16,"column":4},"end":{"line":16,"column":5}},"loc":{"start":{"line":16,"column":15},"end":{"line":24,"column":5}},"line":16},"2":{"name":"(anonymous_2)","decl":{"start":{"line":26,"column":4},"end":{"line":26,"column":5}},"loc":{"start":{"line":26,"column":23},"end":{"line":28,"column":5}},"line":26},"3":{"name":"(anonymous_3)","decl":{"start":{"line":30,"column":4},"end":{"line":30,"column":5}},"loc":{"start":{"line":30,"column":26},"end":{"line":33,"column":5}},"line":30},"4":{"name":"(anonymous_4)","decl":{"start":{"line":31,"column":39},"end":{"line":31,"column":40}},"loc":{"start":{"line":31,"column":47},"end":{"line":31,"column":68}},"line":31},"5":{"name":"(anonymous_5)","decl":{"start":{"line":35,"column":4},"end":{"line":35,"column":5}},"loc":{"start":{"line":35,"column":17},"end":{"line":38,"column":5}},"line":35},"6":{"name":"(anonymous_6)","decl":{"start":{"line":40,"column":4},"end":{"line":40,"column":5}},"loc":{"start":{"line":40,"column":14},"end":{"line":42,"column":5}},"line":40},"7":{"name":"(anonymous_7)","decl":{"start":{"line":44,"column":4},"end":{"line":44,"column":5}},"loc":{"start":{"line":44,"column":18},"end":{"line":46,"column":5}},"line":44},"8":{"name":"gerar30Bikes","decl":{"start":{"line":55,"column":9},"end":{"line":55,"column":21}},"loc":{"start":{"line":55,"column":24},"end":{"line":78,"column":1}},"line":55}},"branchMap":{"0":{"loc":{"start":{"line":17,"column":8},"end":{"line":22,"column":9}},"type":"if","locations":[{"start":{"line":17,"column":8},"end":{"line":22,"column":9}},{"start":{"line":19,"column":14},"end":{"line":22,"column":9}}],"line":17},"1":{"loc":{"start":{"line":36,"column":22},"end":{"line":36,"column":65}},"type":"cond-expr","locations":[{"start":{"line":36,"column":53},"end":{"line":36,"column":57}},{"start":{"line":36,"column":60},"end":{"line":36,"column":65}}],"line":36}},"s":{"0":1,"1":30,"2":30,"3":30,"4":30,"5":30,"6":30,"7":30,"8":30,"9":0,"10":0,"11":0,"12":0,"13":1,"14":53,"15":1590,"16":53,"17":51,"18":51,"19":0,"20":0,"21":1,"22":1,"23":1,"24":1,"25":1,"26":1,"27":1,"28":1,"29":1,"30":30,"31":30,"32":30,"33":30,"34":30,"35":30,"36":30,"37":30,"38":30,"39":30,"40":1,"41":1},"f":{"0":30,"1":0,"2":1,"3":53,"4":1590,"5":51,"6":0,"7":0,"8":1},"b":{"0":[0,0],"1":[50,1]},"_coverageSchema":"1a1c01bbd47fc00a2c39e90264f33305004495a9","hash":"66c157e0b65aa045e0e84065af40f78d7ae66987"}
,"C:\\Users\\INTEL\\Desktop\\projetos_git\\myBike\\server\\src\\model\\Cliente.js": {"path":"C:\\Users\\INTEL\\Desktop\\projetos_git\\myBike\\server\\src\\model\\Cliente.js","statementMap":{"0":{"start":{"line":3,"column":22},"end":{"line":3,"column":24}},"1":{"start":{"line":5,"column":8},"end":{"line":5,"column":23}},"2":{"start":{"line":6,"column":8},"end":{"line":6,"column":25}},"3":{"start":{"line":7,"column":8},"end":{"line":7,"column":33}},"4":{"start":{"line":8,"column":8},"end":{"line":8,"column":33}},"5":{"start":{"line":9,"column":8},"end":{"line":9,"column":25}},"6":{"start":{"line":10,"column":8},"end":{"line":10,"column":33}},"7":{"start":{"line":11,"column":8},"end":{"line":11,"column":27}},"8":{"start":{"line":12,"column":8},"end":{"line":12,"column":32}},"9":{"start":{"line":13,"column":8},"end":{"line":13,"column":35}},"10":{"start":{"line":17,"column":8},"end":{"line":17,"column":31}},"11":{"start":{"line":21,"column":8},"end":{"line":21,"column":32}},"12":{"start":{"line":26,"column":8},"end":{"line":26,"column":32}},"13":{"start":{"line":30,"column":22},"end":{"line":30,"column":78}},"14":{"start":{"line":30,"column":59},"end":{"line":30,"column":77}},"15":{"start":{"line":31,"column":8},"end":{"line":31,"column":22}},"16":{"start":{"line":35,"column":8},"end":{"line":35,"column":25}},"17":{"start":{"line":39,"column":22},"end":{"line":39,"column":26}},"18":{"start":{"line":40,"column":8},"end":{"line":40,"column":65}},"19":{"start":{"line":41,"column":8},"end":{"line":41,"column":22}},"20":{"start":{"line":48,"column":16},"end":{"line":48,"column":23}},"21":{"start":{"line":49,"column":16},"end":{"line":49,"column":25}},"22":{"start":{"line":53,"column":18},"end":{"line":57,"column":5}},"23":{"start":{"line":59,"column":18},"end":{"line":59,"column":43}},"24":{"start":{"line":60,"column":22},"end":{"line":71,"column":5}},"25":{"start":{"line":73,"column":21},"end":{"line":73,"column":23}},"26":{"start":{"line":75,"column":4},"end":{"line":86,"column":5}},"27":{"start":{"line":75,"column":17},"end":{"line":75,"column":18}},"28":{"start":{"line":76,"column":20},"end":{"line":76,"column":39}},"29":{"start":{"line":77,"column":21},"end":{"line":77,"column":29}},"30":{"start":{"line":78,"column":25},"end":{"line":78,"column":140}},"31":{"start":{"line":79,"column":25},"end":{"line":79,"column":85}},"32":{"start":{"line":80,"column":21},"end":{"line":80,"column":33}},"33":{"start":{"line":81,"column":25},"end":{"line":81,"column":37}},"34":{"start":{"line":82,"column":22},"end":{"line":82,"column":73}},"35":{"start":{"line":84,"column":24},"end":{"line":84,"column":89}},"36":{"start":{"line":85,"column":8},"end":{"line":85,"column":31}},"37":{"start":{"line":88,"column":4},"end":{"line":88,"column":20}},"38":{"start":{"line":91,"column":0},"end":{"line":91,"column":52}}},"fnMap":{"0":{"name":"(anonymous_0)","decl":{"start":{"line":4,"column":4},"end":{"line":4,"column":5}},"loc":{"start":{"line":4,"column":70},"end":{"line":14,"column":5}},"line":4},"1":{"name":"(anonymous_1)","decl":{"start":{"line":16,"column":4},"end":{"line":16,"column":5}},"loc":{"start":{"line":16,"column":24},"end":{"line":18,"column":5}},"line":16},"2":{"name":"(anonymous_2)","decl":{"start":{"line":20,"column":4},"end":{"line":20,"column":5}},"loc":{"start":{"line":20,"column":16},"end":{"line":22,"column":5}},"line":20},"3":{"name":"(anonymous_3)","decl":{"start":{"line":25,"column":4},"end":{"line":25,"column":5}},"loc":{"start":{"line":25,"column":13},"end":{"line":27,"column":5}},"line":25},"4":{"name":"(anonymous_4)","decl":{"start":{"line":29,"column":4},"end":{"line":29,"column":5}},"loc":{"start":{"line":29,"column":26},"end":{"line":32,"column":5}},"line":29},"5":{"name":"(anonymous_5)","decl":{"start":{"line":30,"column":48},"end":{"line":30,"column":49}},"loc":{"start":{"line":30,"column":59},"end":{"line":30,"column":77}},"line":30},"6":{"name":"(anonymous_6)","decl":{"start":{"line":34,"column":4},"end":{"line":34,"column":5}},"loc":{"start":{"line":34,"column":26},"end":{"line":36,"column":5}},"line":34},"7":{"name":"(anonymous_7)","decl":{"start":{"line":38,"column":4},"end":{"line":38,"column":5}},"loc":{"start":{"line":38,"column":20},"end":{"line":42,"column":5}},"line":38},"8":{"name":"gerar10Clientes","decl":{"start":{"line":52,"column":9},"end":{"line":52,"column":24}},"loc":{"start":{"line":52,"column":27},"end":{"line":89,"column":1}},"line":52}},"branchMap":{"0":{"loc":{"start":{"line":40,"column":8},"end":{"line":40,"column":65}},"type":"cond-expr","locations":[{"start":{"line":40,"column":33},"end":{"line":40,"column":47}},{"start":{"line":40,"column":50},"end":{"line":40,"column":65}}],"line":40}},"s":{"0":1,"1":10,"2":10,"3":10,"4":10,"5":10,"6":10,"7":10,"8":10,"9":10,"10":0,"11":0,"12":0,"13":53,"14":530,"15":53,"16":1,"17":51,"18":51,"19":51,"20":1,"21":1,"22":1,"23":1,"24":1,"25":1,"26":1,"27":1,"28":10,"29":10,"30":10,"31":10,"32":10,"33":10,"34":10,"35":10,"36":10,"37":1,"38":1},"f":{"0":10,"1":0,"2":0,"3":0,"4":53,"5":530,"6":1,"7":51,"8":1},"b":{"0":[50,1]},"_coverageSchema":"1a1c01bbd47fc00a2c39e90264f33305004495a9","hash":"387f4d2e7204bc164001a9c2663167961ecaa7d9"}
,"C:\\Users\\INTEL\\Desktop\\projetos_git\\myBike\\server\\src\\model\\Emprestimo.js": {"path":"C:\\Users\\INTEL\\Desktop\\projetos_git\\myBike\\server\\src\\model\\Emprestimo.js","statementMap":{"0":{"start":{"line":1,"column":15},"end":{"line":1,"column":35}},"1":{"start":{"line":2,"column":18},"end":{"line":2,"column":41}},"2":{"start":{"line":5,"column":25},"end":{"line":5,"column":27}},"3":{"start":{"line":6,"column":23},"end":{"line":6,"column":28}},"4":{"start":{"line":9,"column":8},"end":{"line":9,"column":49}},"5":{"start":{"line":10,"column":8},"end":{"line":10,"column":65}},"6":{"start":{"line":11,"column":8},"end":{"line":11,"column":63}},"7":{"start":{"line":12,"column":8},"end":{"line":12,"column":87}},"8":{"start":{"line":13,"column":8},"end":{"line":13,"column":53}},"9":{"start":{"line":15,"column":8},"end":{"line":15,"column":45}},"10":{"start":{"line":16,"column":8},"end":{"line":16,"column":33}},"11":{"start":{"line":18,"column":8},"end":{"line":18,"column":42}},"12":{"start":{"line":19,"column":8},"end":{"line":19,"column":30}},"13":{"start":{"line":21,"column":8},"end":{"line":21,"column":41}},"14":{"start":{"line":25,"column":8},"end":{"line":25,"column":37}},"15":{"start":{"line":29,"column":25},"end":{"line":29,"column":91}},"16":{"start":{"line":29,"column":62},"end":{"line":29,"column":90}},"17":{"start":{"line":30,"column":12},"end":{"line":30,"column":29}},"18":{"start":{"line":34,"column":37},"end":{"line":34,"column":70}},"19":{"start":{"line":35,"column":20},"end":{"line":35,"column":57}},"20":{"start":{"line":36,"column":8},"end":{"line":36,"column":43}},"21":{"start":{"line":40,"column":22},"end":{"line":40,"column":45}},"22":{"start":{"line":41,"column":8},"end":{"line":41,"column":72}},"23":{"start":{"line":41,"column":33},"end":{"line":41,"column":71}},"24":{"start":{"line":43,"column":22},"end":{"line":43,"column":49}},"25":{"start":{"line":44,"column":8},"end":{"line":44,"column":58}},"26":{"start":{"line":44,"column":22},"end":{"line":44,"column":57}},"27":{"start":{"line":48,"column":19},"end":{"line":48,"column":43}},"28":{"start":{"line":49,"column":8},"end":{"line":49,"column":77}},"29":{"start":{"line":49,"column":30},"end":{"line":49,"column":76}},"30":{"start":{"line":51,"column":22},"end":{"line":51,"column":43}},"31":{"start":{"line":52,"column":8},"end":{"line":52,"column":60}},"32":{"start":{"line":52,"column":22},"end":{"line":52,"column":59}},"33":{"start":{"line":56,"column":31},"end":{"line":56,"column":87}},"34":{"start":{"line":56,"column":69},"end":{"line":56,"column":85}},"35":{"start":{"line":57,"column":8},"end":{"line":57,"column":31}},"36":{"start":{"line":61,"column":31},"end":{"line":61,"column":87}},"37":{"start":{"line":61,"column":69},"end":{"line":61,"column":85}},"38":{"start":{"line":62,"column":8},"end":{"line":62,"column":31}},"39":{"start":{"line":66,"column":23},"end":{"line":66,"column":39}},"40":{"start":{"line":67,"column":20},"end":{"line":67,"column":30}},"41":{"start":{"line":69,"column":8},"end":{"line":69,"column":106}},"42":{"start":{"line":70,"column":8},"end":{"line":70,"column":106}},"43":{"start":{"line":71,"column":8},"end":{"line":71,"column":106}},"44":{"start":{"line":72,"column":8},"end":{"line":72,"column":106}},"45":{"start":{"line":73,"column":8},"end":{"line":73,"column":106}},"46":{"start":{"line":74,"column":8},"end":{"line":74,"column":106}},"47":{"start":{"line":75,"column":8},"end":{"line":75,"column":106}},"48":{"start":{"line":76,"column":8},"end":{"line":76,"column":106}},"49":{"start":{"line":77,"column":8},"end":{"line":77,"column":106}},"50":{"start":{"line":78,"column":8},"end":{"line":78,"column":107}},"51":{"start":{"line":80,"column":8},"end":{"line":80,"column":108}},"52":{"start":{"line":81,"column":8},"end":{"line":81,"column":108}},"53":{"start":{"line":82,"column":8},"end":{"line":82,"column":108}},"54":{"start":{"line":83,"column":8},"end":{"line":83,"column":108}},"55":{"start":{"line":84,"column":8},"end":{"line":84,"column":108}},"56":{"start":{"line":85,"column":8},"end":{"line":85,"column":108}},"57":{"start":{"line":86,"column":8},"end":{"line":86,"column":108}},"58":{"start":{"line":87,"column":8},"end":{"line":87,"column":108}},"59":{"start":{"line":88,"column":8},"end":{"line":88,"column":108}},"60":{"start":{"line":89,"column":8},"end":{"line":89,"column":108}},"61":{"start":{"line":91,"column":8},"end":{"line":91,"column":108}},"62":{"start":{"line":92,"column":8},"end":{"line":92,"column":108}},"63":{"start":{"line":93,"column":8},"end":{"line":93,"column":108}},"64":{"start":{"line":94,"column":8},"end":{"line":94,"column":108}},"65":{"start":{"line":95,"column":8},"end":{"line":95,"column":108}},"66":{"start":{"line":96,"column":8},"end":{"line":96,"column":108}},"67":{"start":{"line":97,"column":8},"end":{"line":97,"column":108}},"68":{"start":{"line":98,"column":8},"end":{"line":98,"column":108}},"69":{"start":{"line":99,"column":8},"end":{"line":99,"column":108}},"70":{"start":{"line":100,"column":8},"end":{"line":100,"column":108}},"71":{"start":{"line":102,"column":8},"end":{"line":102,"column":107}},"72":{"start":{"line":103,"column":8},"end":{"line":103,"column":107}},"73":{"start":{"line":104,"column":8},"end":{"line":104,"column":107}},"74":{"start":{"line":105,"column":8},"end":{"line":105,"column":107}},"75":{"start":{"line":106,"column":8},"end":{"line":106,"column":107}},"76":{"start":{"line":107,"column":8},"end":{"line":107,"column":107}},"77":{"start":{"line":108,"column":8},"end":{"line":108,"column":107}},"78":{"start":{"line":109,"column":8},"end":{"line":109,"column":107}},"79":{"start":{"line":110,"column":8},"end":{"line":110,"column":107}},"80":{"start":{"line":111,"column":8},"end":{"line":111,"column":107}},"81":{"start":{"line":113,"column":8},"end":{"line":113,"column":108}},"82":{"start":{"line":114,"column":8},"end":{"line":114,"column":108}},"83":{"start":{"line":115,"column":8},"end":{"line":115,"column":108}},"84":{"start":{"line":116,"column":8},"end":{"line":116,"column":108}},"85":{"start":{"line":117,"column":8},"end":{"line":117,"column":108}},"86":{"start":{"line":118,"column":8},"end":{"line":118,"column":108}},"87":{"start":{"line":119,"column":8},"end":{"line":119,"column":108}},"88":{"start":{"line":120,"column":8},"end":{"line":120,"column":108}},"89":{"start":{"line":121,"column":8},"end":{"line":121,"column":108}},"90":{"start":{"line":122,"column":8},"end":{"line":122,"column":108}},"91":{"start":{"line":130,"column":20},"end":{"line":130,"column":31}},"92":{"start":{"line":131,"column":20},"end":{"line":131,"column":32}},"93":{"start":{"line":132,"column":20},"end":{"line":132,"column":30}},"94":{"start":{"line":136,"column":2},"end":{"line":136,"column":32}}},"fnMap":{"0":{"name":"(anonymous_0)","decl":{"start":{"line":8,"column":4},"end":{"line":8,"column":5}},"loc":{"start":{"line":8,"column":89},"end":{"line":22,"column":5}},"line":8},"1":{"name":"(anonymous_1)","decl":{"start":{"line":24,"column":4},"end":{"line":24,"column":5}},"loc":{"start":{"line":24,"column":27},"end":{"line":26,"column":5}},"line":24},"2":{"name":"(anonymous_2)","decl":{"start":{"line":28,"column":4},"end":{"line":28,"column":5}},"loc":{"start":{"line":28,"column":32},"end":{"line":31,"column":5}},"line":28},"3":{"name":"(anonymous_3)","decl":{"start":{"line":29,"column":57},"end":{"line":29,"column":58}},"loc":{"start":{"line":29,"column":62},"end":{"line":29,"column":90}},"line":29},"4":{"name":"(anonymous_4)","decl":{"start":{"line":33,"column":4},"end":{"line":33,"column":5}},"loc":{"start":{"line":33,"column":44},"end":{"line":37,"column":5}},"line":33},"5":{"name":"(anonymous_5)","decl":{"start":{"line":39,"column":4},"end":{"line":39,"column":5}},"loc":{"start":{"line":39,"column":30},"end":{"line":45,"column":5}},"line":39},"6":{"name":"(anonymous_6)","decl":{"start":{"line":47,"column":4},"end":{"line":47,"column":5}},"loc":{"start":{"line":47,"column":34},"end":{"line":53,"column":5}},"line":47},"7":{"name":"(anonymous_7)","decl":{"start":{"line":55,"column":4},"end":{"line":55,"column":5}},"loc":{"start":{"line":55,"column":40},"end":{"line":58,"column":5}},"line":55},"8":{"name":"(anonymous_8)","decl":{"start":{"line":56,"column":64},"end":{"line":56,"column":65}},"loc":{"start":{"line":56,"column":69},"end":{"line":56,"column":85}},"line":56},"9":{"name":"(anonymous_9)","decl":{"start":{"line":60,"column":4},"end":{"line":60,"column":5}},"loc":{"start":{"line":60,"column":41},"end":{"line":63,"column":5}},"line":60},"10":{"name":"(anonymous_10)","decl":{"start":{"line":61,"column":64},"end":{"line":61,"column":65}},"loc":{"start":{"line":61,"column":69},"end":{"line":61,"column":85}},"line":61},"11":{"name":"(anonymous_11)","decl":{"start":{"line":65,"column":4},"end":{"line":65,"column":5}},"loc":{"start":{"line":65,"column":29},"end":{"line":124,"column":5}},"line":65}},"branchMap":{"0":{"loc":{"start":{"line":41,"column":8},"end":{"line":41,"column":72}},"type":"if","locations":[{"start":{"line":41,"column":8},"end":{"line":41,"column":72}},{"start":{},"end":{}}],"line":41},"1":{"loc":{"start":{"line":44,"column":8},"end":{"line":44,"column":58}},"type":"if","locations":[{"start":{"line":44,"column":8},"end":{"line":44,"column":58}},{"start":{},"end":{}}],"line":44},"2":{"loc":{"start":{"line":49,"column":8},"end":{"line":49,"column":77}},"type":"if","locations":[{"start":{"line":49,"column":8},"end":{"line":49,"column":77}},{"start":{},"end":{}}],"line":49},"3":{"loc":{"start":{"line":52,"column":8},"end":{"line":52,"column":60}},"type":"if","locations":[{"start":{"line":52,"column":8},"end":{"line":52,"column":60}},{"start":{},"end":{}}],"line":52}},"s":{"0":1,"1":1,"2":1,"3":1,"4":50,"5":50,"6":50,"7":50,"8":50,"9":50,"10":50,"11":50,"12":50,"13":50,"14":1,"15":1,"16":50,"17":1,"18":51,"19":51,"20":51,"21":52,"22":52,"23":1,"24":51,"25":51,"26":1,"27":52,"28":52,"29":1,"30":51,"31":51,"32":1,"33":1,"34":50,"35":1,"36":1,"37":50,"38":1,"39":1,"40":1,"41":1,"42":1,"43":1,"44":1,"45":1,"46":1,"47":1,"48":1,"49":1,"50":1,"51":1,"52":1,"53":1,"54":1,"55":1,"56":1,"57":1,"58":1,"59":1,"60":1,"61":1,"62":1,"63":1,"64":1,"65":1,"66":1,"67":1,"68":1,"69":1,"70":1,"71":1,"72":1,"73":1,"74":1,"75":1,"76":1,"77":1,"78":1,"79":1,"80":1,"81":1,"82":1,"83":1,"84":1,"85":1,"86":1,"87":1,"88":1,"89":1,"90":1,"91":1,"92":1,"93":1,"94":1},"f":{"0":50,"1":1,"2":1,"3":50,"4":51,"5":52,"6":52,"7":1,"8":50,"9":1,"10":50,"11":1},"b":{"0":[1,51],"1":[1,50],"2":[1,51],"3":[1,50]},"_coverageSchema":"1a1c01bbd47fc00a2c39e90264f33305004495a9","hash":"fc79c5e0f6088b683638117a33e14b89bb4777e5"}
}
