TN:
SF:src\model\Bike.js
FN:4,(anonymous_0)
FN:16,(anonymous_1)
FN:26,(anonymous_2)
FN:30,(anonymous_3)
FN:31,(anonymous_4)
FN:35,(anonymous_5)
FN:40,(anonymous_6)
FN:44,(anonymous_7)
FN:55,gerar30Bikes
FNF:9
FNH:6
FNDA:30,(anonymous_0)
FNDA:0,(anonymous_1)
FNDA:1,(anonymous_2)
FNDA:53,(anonymous_3)
FNDA:1590,(anonymous_4)
FNDA:51,(anonymous_5)
FNDA:0,(anonymous_6)
FNDA:0,(anonymous_7)
FNDA:1,gerar30Bikes
DA:3,1
DA:6,30
DA:7,30
DA:8,30
DA:9,30
DA:10,30
DA:11,30
DA:12,30
DA:13,30
DA:17,0
DA:18,0
DA:20,0
DA:21,0
DA:27,1
DA:31,1590
DA:32,53
DA:36,51
DA:37,51
DA:41,0
DA:45,0
DA:50,1
DA:51,1
DA:52,1
DA:56,1
DA:57,1
DA:58,1
DA:59,1
DA:61,1
DA:62,30
DA:63,30
DA:64,30
DA:65,30
DA:66,30
DA:69,30
DA:70,30
DA:71,30
DA:72,30
DA:74,30
DA:77,1
DA:80,1
LF:40
LH:34
BRDA:17,0,0,0
BRDA:17,0,1,0
BRDA:36,1,0,50
BRDA:36,1,1,1
BRF:4
BRH:2
end_of_record
TN:
SF:src\model\Cliente.js
FN:4,(anonymous_0)
FN:16,(anonymous_1)
FN:20,(anonymous_2)
FN:25,(anonymous_3)
FN:29,(anonymous_4)
FN:30,(anonymous_5)
FN:34,(anonymous_6)
FN:38,(anonymous_7)
FN:52,gerar10Clientes
FNF:9
FNH:6
FNDA:10,(anonymous_0)
FNDA:0,(anonymous_1)
FNDA:0,(anonymous_2)
FNDA:0,(anonymous_3)
FNDA:53,(anonymous_4)
FNDA:530,(anonymous_5)
FNDA:1,(anonymous_6)
FNDA:51,(anonymous_7)
FNDA:1,gerar10Clientes
DA:3,1
DA:5,10
DA:6,10
DA:7,10
DA:8,10
DA:9,10
DA:10,10
DA:11,10
DA:12,10
DA:13,10
DA:17,0
DA:21,0
DA:26,0
DA:30,530
DA:31,53
DA:35,1
DA:39,51
DA:40,51
DA:41,51
DA:48,1
DA:49,1
DA:53,1
DA:59,1
DA:60,1
DA:73,1
DA:75,1
DA:76,10
DA:77,10
DA:78,10
DA:79,10
DA:80,10
DA:81,10
DA:82,10
DA:84,10
DA:85,10
DA:88,1
DA:91,1
LF:37
LH:34
BRDA:40,0,0,50
BRDA:40,0,1,1
BRF:2
BRH:2
end_of_record
TN:
SF:src\model\Emprestimo.js
FN:8,(anonymous_0)
FN:24,(anonymous_1)
FN:28,(anonymous_2)
FN:29,(anonymous_3)
FN:33,(anonymous_4)
FN:39,(anonymous_5)
FN:47,(anonymous_6)
FN:55,(anonymous_7)
FN:56,(anonymous_8)
FN:60,(anonymous_9)
FN:61,(anonymous_10)
FN:65,(anonymous_11)
FNF:12
FNH:12
FNDA:50,(anonymous_0)
FNDA:1,(anonymous_1)
FNDA:1,(anonymous_2)
FNDA:50,(anonymous_3)
FNDA:51,(anonymous_4)
FNDA:52,(anonymous_5)
FNDA:52,(anonymous_6)
FNDA:1,(anonymous_7)
FNDA:50,(anonymous_8)
FNDA:1,(anonymous_9)
FNDA:50,(anonymous_10)
FNDA:1,(anonymous_11)
DA:1,1
DA:2,1
DA:5,1
DA:6,1
DA:9,50
DA:10,50
DA:11,50
DA:12,50
DA:13,50
DA:15,50
DA:16,50
DA:18,50
DA:19,50
DA:21,50
DA:25,1
DA:29,50
DA:30,1
DA:34,51
DA:35,51
DA:36,51
DA:40,52
DA:41,52
DA:43,51
DA:44,51
DA:48,52
DA:49,52
DA:51,51
DA:52,51
DA:56,50
DA:57,1
DA:61,50
DA:62,1
DA:66,1
DA:67,1
DA:69,1
DA:70,1
DA:71,1
DA:72,1
DA:73,1
DA:74,1
DA:75,1
DA:76,1
DA:77,1
DA:78,1
DA:80,1
DA:81,1
DA:82,1
DA:83,1
DA:84,1
DA:85,1
DA:86,1
DA:87,1
DA:88,1
DA:89,1
DA:91,1
DA:92,1
DA:93,1
DA:94,1
DA:95,1
DA:96,1
DA:97,1
DA:98,1
DA:99,1
DA:100,1
DA:102,1
DA:103,1
DA:104,1
DA:105,1
DA:106,1
DA:107,1
DA:108,1
DA:109,1
DA:110,1
DA:111,1
DA:113,1
DA:114,1
DA:115,1
DA:116,1
DA:117,1
DA:118,1
DA:119,1
DA:120,1
DA:121,1
DA:122,1
DA:130,1
DA:131,1
DA:132,1
DA:136,1
LF:88
LH:88
BRDA:41,0,0,1
BRDA:41,0,1,51
BRDA:44,1,0,1
BRDA:44,1,1,50
BRDA:49,2,0,1
BRDA:49,2,1,51
BRDA:52,3,0,1
BRDA:52,3,1,50
BRF:8
BRH:8
end_of_record
